<?xml version="1.0" encoding="UTF-8"?>
<testng-results ignored="0" total="4" passed="4" failed="0" skipped="0">
  <reporter-output>
  </reporter-output>
  <suite started-at="2024-07-15T07:49:06 IST" name="Default suite" finished-at="2024-07-15T07:49:19 IST" duration-ms="12404">
    <groups>
    </groups>
    <test started-at="2024-07-15T07:49:06 IST" name="Default test" finished-at="2024-07-15T07:49:19 IST" duration-ms="12404">
      <class name="api.testcase.UserTests">
        <test-method is-config="true" signature="setupData()[pri:0, instance:api.testcase.UserTests@34f7cfd9]" started-at="2024-07-15T07:49:06 IST" name="setupData" finished-at="2024-07-15T07:49:07 IST" duration-ms="939" status="PASS">
          <reporter-output>
          </reporter-output>
        </test-method> <!-- setupData -->
        <test-method signature="testPostUser()[pri:1, instance:api.testcase.UserTests@34f7cfd9]" started-at="2024-07-15T07:49:07 IST" name="testPostUser" finished-at="2024-07-15T07:49:14 IST" duration-ms="6871" status="PASS">
          <reporter-output>
          </reporter-output>
        </test-method> <!-- testPostUser -->
        <test-method signature="testGetUser()[pri:2, instance:api.testcase.UserTests@34f7cfd9]" started-at="2024-07-15T07:49:14 IST" name="testGetUser" finished-at="2024-07-15T07:49:16 IST" duration-ms="1201" status="PASS">
          <reporter-output>
          </reporter-output>
        </test-method> <!-- testGetUser -->
        <test-method signature="testUpdateUser()[pri:3, instance:api.testcase.UserTests@34f7cfd9]" started-at="2024-07-15T07:49:16 IST" name="testUpdateUser" finished-at="2024-07-15T07:49:18 IST" duration-ms="2187" status="PASS">
          <reporter-output>
          </reporter-output>
        </test-method> <!-- testUpdateUser -->
        <test-method signature="testDeleteUser()[pri:4, instance:api.testcase.UserTests@34f7cfd9]" started-at="2024-07-15T07:49:18 IST" name="testDeleteUser" finished-at="2024-07-15T07:49:19 IST" duration-ms="1073" status="PASS">
          <reporter-output>
          </reporter-output>
        </test-method> <!-- testDeleteUser -->
      </class> <!-- api.testcase.UserTests -->
    </test> <!-- Default test -->
  </suite> <!-- Default suite -->
</testng-results>
