<?xml version="1.0" encoding="UTF-8"?>
<testng-results ignored="0" total="1" passed="1" failed="0" skipped="0">
  <reporter-output>
  </reporter-output>
  <suite started-at="2024-07-16T07:31:07 IST" name="Default suite" finished-at="2024-07-16T07:31:18 IST" duration-ms="11144">
    <groups>
    </groups>
    <test started-at="2024-07-16T07:31:07 IST" name="Default test" finished-at="2024-07-16T07:31:18 IST" duration-ms="11144">
      <class name="api.testcase.UserTests">
        <test-method is-config="true" signature="setupData()[pri:0, instance:api.testcase.UserTests@346d61be]" started-at="2024-07-16T07:31:07 IST" name="setupData" finished-at="2024-07-16T07:31:08 IST" duration-ms="872" status="PASS">
          <reporter-output>
          </reporter-output>
        </test-method> <!-- setupData -->
        <test-method signature="testPostUser()[pri:1, instance:api.testcase.UserTests@346d61be]" started-at="2024-07-16T07:31:08 IST" name="testPostUser" finished-at="2024-07-16T07:31:18 IST" duration-ms="10158" status="PASS">
          <reporter-output>
          </reporter-output>
        </test-method> <!-- testPostUser -->
      </class> <!-- api.testcase.UserTests -->
    </test> <!-- Default test -->
  </suite> <!-- Default suite -->
</testng-results>
