<?xml version="1.0" encoding="UTF-8"?>
<testng-results ignored="0" total="3" passed="3" failed="0" skipped="0">
  <reporter-output>
  </reporter-output>
  <suite started-at="2024-06-13T08:56:50 IST" name="Default suite" finished-at="2024-06-13T08:57:17 IST" duration-ms="26271">
    <groups>
      <group name="cucumber">
        <method signature="AbstractTestNGCucumberTests.runScenario(io.cucumber.testng.PickleWrapper,io.cucumber.testng.FeatureWrapper)[pri:0, instance:runner.TestRunner@4c60d6e9]" name="runScenario" class="io.cucumber.testng.AbstractTestNGCucumberTests"/>
      </group> <!-- cucumber -->
    </groups>
    <test started-at="2024-06-13T08:56:50 IST" name="Default test" finished-at="2024-06-13T08:57:17 IST" duration-ms="26271">
      <class name="runner.TestRunner">
        <test-method is-config="true" signature="setUpClass()[pri:0, instance:runner.TestRunner@4c60d6e9]" started-at="2024-06-13T08:56:51 IST" name="setUpClass" finished-at="2024-06-13T08:56:52 IST" duration-ms="1189" status="PASS">
          <reporter-output>
          </reporter-output>
        </test-method> <!-- setUpClass -->
        <test-method signature="runScenario(io.cucumber.testng.PickleWrapper,io.cucumber.testng.FeatureWrapper)[pri:0, instance:runner.TestRunner@4c60d6e9]" started-at="2024-06-13T08:56:52 IST" name="runScenario" description="Runs Cucumber Scenarios" data-provider="scenarios" finished-at="2024-06-13T08:57:01 IST" duration-ms="9662" status="PASS">
          <params>
            <param index="0">
              <value>
                <![CDATA["Trying to search Selenium Interview Questions in Google"]]>
              </value>
            </param>
            <param index="1">
              <value>
                <![CDATA["Optional[Trying to Search something in Google]"]]>
              </value>
            </param>
          </params>
          <reporter-output>
          </reporter-output>
        </test-method> <!-- runScenario -->
        <test-method signature="runScenario(io.cucumber.testng.PickleWrapper,io.cucumber.testng.FeatureWrapper)[pri:0, instance:runner.TestRunner@4c60d6e9]" started-at="2024-06-13T08:57:01 IST" name="runScenario" description="Runs Cucumber Scenarios" data-provider="scenarios" finished-at="2024-06-13T08:57:08 IST" duration-ms="6492" status="PASS">
          <params>
            <param index="0">
              <value>
                <![CDATA["Trying to search Manual Testing Questions in Google"]]>
              </value>
            </param>
            <param index="1">
              <value>
                <![CDATA["Optional[Trying to Search something in Google]"]]>
              </value>
            </param>
          </params>
          <reporter-output>
          </reporter-output>
        </test-method> <!-- runScenario -->
        <test-method signature="runScenario(io.cucumber.testng.PickleWrapper,io.cucumber.testng.FeatureWrapper)[pri:0, instance:runner.TestRunner@4c60d6e9]" started-at="2024-06-13T08:57:08 IST" name="runScenario" description="Runs Cucumber Scenarios" data-provider="scenarios" finished-at="2024-06-13T08:57:15 IST" duration-ms="6647" status="PASS">
          <params>
            <param index="0">
              <value>
                <![CDATA["Trying to search API testing question in Google"]]>
              </value>
            </param>
            <param index="1">
              <value>
                <![CDATA["Optional[Trying to Search something in Google]"]]>
              </value>
            </param>
          </params>
          <reporter-output>
          </reporter-output>
        </test-method> <!-- runScenario -->
        <test-method is-config="true" signature="tearDownClass()[pri:0, instance:runner.TestRunner@4c60d6e9]" started-at="2024-06-13T08:57:15 IST" name="tearDownClass" finished-at="2024-06-13T08:57:17 IST" duration-ms="2142" status="PASS">
          <reporter-output>
          </reporter-output>
        </test-method> <!-- tearDownClass -->
      </class> <!-- runner.TestRunner -->
    </test> <!-- Default test -->
  </suite> <!-- Default suite -->
</testng-results>
