<?xml version="1.0" encoding="UTF-8"?>
<testng-results ignored="2" total="3" passed="1" failed="0" skipped="0">
  <reporter-output>
  </reporter-output>
  <suite started-at="2024-07-12T07:39:18 IST" name="Default suite" finished-at="2024-07-12T07:39:18 IST" duration-ms="124">
    <groups>
    </groups>
    <test started-at="2024-07-12T07:39:18 IST" name="Default test" finished-at="2024-07-12T07:39:18 IST" duration-ms="124">
      <class name="day1.jsonObjectAndArray.Example1">
        <test-method signature="stringIntoJSONObject()[pri:0, instance:day1.jsonObjectAndArray.Example1@8c3b9d]" started-at="2024-07-12T07:39:18 IST" name="stringIntoJSONObject" finished-at="2024-07-12T07:39:18 IST" duration-ms="31" status="PASS">
          <reporter-output>
          </reporter-output>
        </test-method> <!-- stringIntoJSONObject -->
      </class> <!-- day1.jsonObjectAndArray.Example1 -->
    </test> <!-- Default test -->
  </suite> <!-- Default suite -->
</testng-results>
