<?xml version="1.0" encoding="UTF-8"?>
<testng-results ignored="5" total="6" passed="1" failed="0" skipped="0">
  <reporter-output>
  </reporter-output>
  <suite started-at="2024-07-13T07:57:04 IST" name="Default suite" finished-at="2024-07-13T07:57:10 IST" duration-ms="5534">
    <groups>
    </groups>
    <test started-at="2024-07-13T07:57:04 IST" name="Default test" finished-at="2024-07-13T07:57:10 IST" duration-ms="5534">
      <class name="day3.restassuedexamples.ApiOperations">
        <test-method signature="deleteOps()[pri:0, instance:day3.restassuedexamples.ApiOperations@1f59a598]" started-at="2024-07-13T07:57:04 IST" name="deleteOps" finished-at="2024-07-13T07:57:10 IST" duration-ms="5437" status="PASS">
          <reporter-output>
          </reporter-output>
        </test-method> <!-- deleteOps -->
      </class> <!-- day3.restassuedexamples.ApiOperations -->
    </test> <!-- Default test -->
  </suite> <!-- Default suite -->
</testng-results>
