<?xml version="1.0" encoding="UTF-8"?>
<!-- Generated by org.testng.reporters.JUnitXMLReporter -->
<testsuite ignored="2" hostname="DESKTOP-LLLGMOJ" failures="0" tests="8" name="testing" time="0.252" errors="0" timestamp="2024-06-06T08:09:29 IST">
  <testcase classname="day9.advancetestng.GroupExamples" name="testCaseFive" time="0.011"/>
  <testcase classname="day9.advancetestng.GroupExamples" name="testCaseFour" time="0.009"/>
  <testcase classname="day9.advancetestng.GroupExamples" name="testCaseOne" time="0.023"/>
  <testcase classname="day9.advancetestng.GroupExamples" name="testCaseThree" time="0.005"/>
  <testcase classname="day9.advancetestng.GroupExamples2" name="testLeads" time="0.009"/>
  <testcase classname="day9.advancetestng.GroupExamples2" name="testLogin" time="0.011"/>
  <testcase classname="day9.advancetestng.GroupExamples2" name="testPIM" time="0.005"/>
  <testcase classname="day9.advancetestng.GroupExamples2" name="testTask" time="0.009"/>
  <testcase classname="day9.advancetestng.GroupExamples" name="testCaseTwo" time="0.0">
    <ignored/>
  </testcase> <!-- testCaseTwo -->
  <testcase classname="day9.advancetestng.GroupExamples2" name="testSignIn" time="0.0">
    <ignored/>
  </testcase> <!-- testSignIn -->
</testsuite> <!-- testing -->
