<?xml version="1.0" encoding="UTF-8"?>
<!-- Generated by org.testng.reporters.JUnitXMLReporter -->
<testsuite ignored="0" hostname="DESKTOP-LLLGMOJ" failures="0" tests="14" name="PetTests" time="24.771" errors="0" timestamp="2024-05-27T08:48:39 IST">
  <testcase classname="api.testcase.UserTests" name="testPostUser" time="4.645"/>
  <testcase classname="api.testcase.UserTests" name="testGetUser" time="1.186"/>
  <testcase classname="api.testcase.UserTests" name="testUpdateUser" time="2.361"/>
  <testcase classname="api.testcase.UserTests" name="testDeleteUser" time="1.118"/>
  <testcase classname="api.testcase.UserTests2" name="testPostUser" time="1.166"/>
  <testcase classname="api.testcase.UserTests2" name="testGetUserByName" time="1.118"/>
  <testcase classname="api.testcase.UserTests2" name="testUpdateUserByName" time="2.2"/>
  <testcase classname="api.testcase.UserTests2" name="testDeleteUserByName" time="1.081"/>
  <testcase classname="api.testcase.UserTestWithExcel" name="testPostUser" time="1.126"/>
  <testcase classname="api.testcase.UserTestWithExcel" name="testPostUser" time="1.085"/>
  <testcase classname="api.testcase.UserTestWithExcel" name="testPostUser" time="1.13"/>
  <testcase classname="api.testcase.UserTestWithExcel" name="testDeleteUser" time="1.193"/>
  <testcase classname="api.testcase.UserTestWithExcel" name="testDeleteUser" time="1.11"/>
  <testcase classname="api.testcase.UserTestWithExcel" name="testDeleteUser" time="1.194"/>
</testsuite> <!-- PetTests -->
