<?xml version="1.0" encoding="UTF-8"?>
<testsuite xmlns:xsi="http://www.w3.org/2001/XMLSchema-instance" xsi:schemaLocation="https://maven.apache.org/surefire/maven-surefire-plugin/xsd/surefire-test-report.xsd" name="TestSuite" time="33.512" tests="14" errors="0" skipped="0" failures="0">
  <properties>
[...]
</properties>
  <testcase name="testPostUser" classname="api.testcase.UserTests" time="7.656"/>
  <testcase name="testGetUser" classname="api.testcase.UserTests" time="1.232"/>
  <testcase name="testUpdateUser" classname="api.testcase.UserTests" time="2.233"/>
  <testcase name="testDeleteUser" classname="api.testcase.UserTests" time="1.134"/>
  <testcase name="testPostUser" classname="api.testcase.UserTests2" time="1.102"/>
  <testcase name="testGetUserByName" classname="api.testcase.UserTests2" time="1.153"/>
  <testcase name="testUpdateUserByName" classname="api.testcase.UserTests2" time="2.224"/>
  <testcase name="testDeleteUserByName" classname="api.testcase.UserTests2" time="1.052"/>
  <testcase name="testPostUser" classname="api.testcase.UserTestWithExcel" time="1.01"/>
  <testcase name="testPostUser" classname="api.testcase.UserTestWithExcel" time="1.088"/>
  <testcase name="testPostUser" classname="api.testcase.UserTestWithExcel" time="1.115"/>
  <testcase name="testDeleteUser" classname="api.testcase.UserTestWithExcel" time="1.05"/>
  <testcase name="testDeleteUser" classname="api.testcase.UserTestWithExcel" time="1.209"/>
  <testcase name="testDeleteUser" classname="api.testcase.UserTestWithExcel" time="1.042"/>
</testsuite>