<?xml version="1.0" encoding="UTF-8"?>
<testng-results ignored="0" total="14" passed="14" failed="0" skipped="0">
  <reporter-output>
  </reporter-output>
  <suite started-at="2024-07-16T07:34:47 IST" name="PetSuite" finished-at="2024-07-16T07:35:17 IST" duration-ms="29694">
    <groups>
    </groups>
    <test started-at="2024-07-16T07:34:47 IST" name="PetTests" finished-at="2024-07-16T07:35:17 IST" duration-ms="29694">
      <class name="api.testcase.UserTests">
        <test-method is-config="true" signature="setupData()[pri:0, instance:api.testcase.UserTests@1bb5a082]" started-at="2024-07-16T07:34:48 IST" name="setupData" finished-at="2024-07-16T07:34:49 IST" duration-ms="791" status="PASS">
          <reporter-output>
          </reporter-output>
        </test-method> <!-- setupData -->
        <test-method signature="testPostUser()[pri:1, instance:api.testcase.UserTests@1bb5a082]" started-at="2024-07-16T07:34:49 IST" name="testPostUser" finished-at="2024-07-16T07:34:57 IST" duration-ms="7633" status="PASS">
          <reporter-output>
          </reporter-output>
        </test-method> <!-- testPostUser -->
        <test-method signature="testGetUser()[pri:2, instance:api.testcase.UserTests@1bb5a082]" started-at="2024-07-16T07:34:57 IST" name="testGetUser" finished-at="2024-07-16T07:34:58 IST" duration-ms="1231" status="PASS">
          <reporter-output>
          </reporter-output>
        </test-method> <!-- testGetUser -->
        <test-method signature="testUpdateUser()[pri:3, instance:api.testcase.UserTests@1bb5a082]" started-at="2024-07-16T07:34:58 IST" name="testUpdateUser" finished-at="2024-07-16T07:35:00 IST" duration-ms="2233" status="PASS">
          <reporter-output>
          </reporter-output>
        </test-method> <!-- testUpdateUser -->
        <test-method signature="testDeleteUser()[pri:4, instance:api.testcase.UserTests@1bb5a082]" started-at="2024-07-16T07:35:00 IST" name="testDeleteUser" finished-at="2024-07-16T07:35:02 IST" duration-ms="1128" status="PASS">
          <reporter-output>
          </reporter-output>
        </test-method> <!-- testDeleteUser -->
      </class> <!-- api.testcase.UserTests -->
      <class name="api.testcase.UserTestWithExcel">
        <test-method signature="testPostUser(java.lang.String,java.lang.String,java.lang.String,java.lang.String,java.lang.String,java.lang.String,java.lang.String)[pri:1, instance:api.testcase.UserTestWithExcel@618b19ad]" started-at="2024-07-16T07:35:10 IST" name="testPostUser" data-provider="Data" finished-at="2024-07-16T07:35:11 IST" duration-ms="1016" status="PASS">
          <params>
            <param index="0">
              <value>
                <![CDATA[1010]]>
              </value>
            </param>
            <param index="1">
              <value>
                <![CDATA[testuser1]]>
              </value>
            </param>
            <param index="2">
              <value>
                <![CDATA[John]]>
              </value>
            </param>
            <param index="3">
              <value>
                <![CDATA[Canedy]]>
              </value>
            </param>
            <param index="4">
              <value>
                <![CDATA[a@gmail.com]]>
              </value>
            </param>
            <param index="5">
              <value>
                <![CDATA[test@1]]>
              </value>
            </param>
            <param index="6">
              <value>
                <![CDATA[1234567897]]>
              </value>
            </param>
          </params>
          <reporter-output>
          </reporter-output>
        </test-method> <!-- testPostUser -->
        <test-method signature="testPostUser(java.lang.String,java.lang.String,java.lang.String,java.lang.String,java.lang.String,java.lang.String,java.lang.String)[pri:1, instance:api.testcase.UserTestWithExcel@618b19ad]" started-at="2024-07-16T07:35:11 IST" name="testPostUser" data-provider="Data" finished-at="2024-07-16T07:35:12 IST" duration-ms="1087" status="PASS">
          <params>
            <param index="0">
              <value>
                <![CDATA[1020]]>
              </value>
            </param>
            <param index="1">
              <value>
                <![CDATA[testuser2]]>
              </value>
            </param>
            <param index="2">
              <value>
                <![CDATA[Kim]]>
              </value>
            </param>
            <param index="3">
              <value>
                <![CDATA[Kom]]>
              </value>
            </param>
            <param index="4">
              <value>
                <![CDATA[b@gmail.com]]>
              </value>
            </param>
            <param index="5">
              <value>
                <![CDATA[test@2]]>
              </value>
            </param>
            <param index="6">
              <value>
                <![CDATA[1234567897]]>
              </value>
            </param>
          </params>
          <reporter-output>
          </reporter-output>
        </test-method> <!-- testPostUser -->
        <test-method signature="testPostUser(java.lang.String,java.lang.String,java.lang.String,java.lang.String,java.lang.String,java.lang.String,java.lang.String)[pri:1, instance:api.testcase.UserTestWithExcel@618b19ad]" started-at="2024-07-16T07:35:12 IST" name="testPostUser" data-provider="Data" finished-at="2024-07-16T07:35:14 IST" duration-ms="1114" status="PASS">
          <params>
            <param index="0">
              <value>
                <![CDATA[1030]]>
              </value>
            </param>
            <param index="1">
              <value>
                <![CDATA[testuser3]]>
              </value>
            </param>
            <param index="2">
              <value>
                <![CDATA[Smith]]>
              </value>
            </param>
            <param index="3">
              <value>
                <![CDATA[Steve]]>
              </value>
            </param>
            <param index="4">
              <value>
                <![CDATA[c@gmail.com]]>
              </value>
            </param>
            <param index="5">
              <value>
                <![CDATA[test@3]]>
              </value>
            </param>
            <param index="6">
              <value>
                <![CDATA[1234567897]]>
              </value>
            </param>
          </params>
          <reporter-output>
          </reporter-output>
        </test-method> <!-- testPostUser -->
        <test-method signature="testDeleteUser(java.lang.String)[pri:2, instance:api.testcase.UserTestWithExcel@618b19ad]" started-at="2024-07-16T07:35:14 IST" name="testDeleteUser" data-provider="UserNames" finished-at="2024-07-16T07:35:15 IST" duration-ms="1051" status="PASS">
          <params>
            <param index="0">
              <value>
                <![CDATA[testuser1]]>
              </value>
            </param>
          </params>
          <reporter-output>
          </reporter-output>
        </test-method> <!-- testDeleteUser -->
        <test-method signature="testDeleteUser(java.lang.String)[pri:2, instance:api.testcase.UserTestWithExcel@618b19ad]" started-at="2024-07-16T07:35:15 IST" name="testDeleteUser" data-provider="UserNames" finished-at="2024-07-16T07:35:16 IST" duration-ms="1209" status="PASS">
          <params>
            <param index="0">
              <value>
                <![CDATA[testuser2]]>
              </value>
            </param>
          </params>
          <reporter-output>
          </reporter-output>
        </test-method> <!-- testDeleteUser -->
        <test-method signature="testDeleteUser(java.lang.String)[pri:2, instance:api.testcase.UserTestWithExcel@618b19ad]" started-at="2024-07-16T07:35:16 IST" name="testDeleteUser" data-provider="UserNames" finished-at="2024-07-16T07:35:17 IST" duration-ms="1040" status="PASS">
          <params>
            <param index="0">
              <value>
                <![CDATA[testuser3]]>
              </value>
            </param>
          </params>
          <reporter-output>
          </reporter-output>
        </test-method> <!-- testDeleteUser -->
      </class> <!-- api.testcase.UserTestWithExcel -->
      <class name="api.testcase.UserTests2">
        <test-method is-config="true" signature="setup()[pri:0, instance:api.testcase.UserTests2@74235045]" started-at="2024-07-16T07:35:02 IST" name="setup" finished-at="2024-07-16T07:35:02 IST" duration-ms="90" status="PASS">
          <reporter-output>
          </reporter-output>
        </test-method> <!-- setup -->
        <test-method signature="testPostUser()[pri:1, instance:api.testcase.UserTests2@74235045]" started-at="2024-07-16T07:35:02 IST" name="testPostUser" finished-at="2024-07-16T07:35:03 IST" duration-ms="1102" status="PASS">
          <reporter-output>
          </reporter-output>
        </test-method> <!-- testPostUser -->
        <test-method signature="testGetUserByName()[pri:2, instance:api.testcase.UserTests2@74235045]" started-at="2024-07-16T07:35:03 IST" name="testGetUserByName" finished-at="2024-07-16T07:35:04 IST" duration-ms="1153" status="PASS">
          <reporter-output>
          </reporter-output>
        </test-method> <!-- testGetUserByName -->
        <test-method signature="testUpdateUserByName()[pri:3, instance:api.testcase.UserTests2@74235045]" started-at="2024-07-16T07:35:04 IST" name="testUpdateUserByName" finished-at="2024-07-16T07:35:06 IST" duration-ms="2224" status="PASS">
          <reporter-output>
          </reporter-output>
        </test-method> <!-- testUpdateUserByName -->
        <test-method signature="testDeleteUserByName()[pri:4, instance:api.testcase.UserTests2@74235045]" started-at="2024-07-16T07:35:06 IST" name="testDeleteUserByName" finished-at="2024-07-16T07:35:07 IST" duration-ms="1051" status="PASS">
          <reporter-output>
          </reporter-output>
        </test-method> <!-- testDeleteUserByName -->
      </class> <!-- api.testcase.UserTests2 -->
    </test> <!-- PetTests -->
  </suite> <!-- PetSuite -->
</testng-results>
