<?xml version="1.0" encoding="UTF-8"?>
<!-- Generated by org.testng.reporters.JUnitXMLReporter -->
<testsuite ignored="2" hostname="DESKTOP-LLLGMOJ" failures="1" tests="2" name="Chrome(failed)" time="0.151" errors="0" timestamp="2024-06-06T08:41:08 IST">
  <testcase classname="day8.testngexamples.Example4" name="testPIMCreationOrangeHrm" time="0.012">
    <failure type="java.lang.ArithmeticException" message="/ by zero">
      <![CDATA[java.lang.ArithmeticException: / by zero
at day8.testngexamples.Example4.testPIMCreationOrangeHrm(Example4.java:13)
at java.base/java.util.ArrayList.forEach(ArrayList.java:1511)
... Removed 27 stack frames]]>
    </failure>
  </testcase> <!-- testPIMCreationOrangeHrm -->
  <testcase classname="day8.testngexamples.Example4" name="testPIMDeleteOrangeHrm" time="0.002">
    <skipped/>
  </testcase> <!-- testPIMDeleteOrangeHrm -->
  <testcase classname="day8.testngexamples.Example4" name="testLoginOrangeHrm" time="0.0">
    <ignored/>
  </testcase> <!-- testLoginOrangeHrm -->
  <testcase classname="day8.testngexamples.Example4" name="testLogoutOrangeHrm" time="0.0">
    <ignored/>
  </testcase> <!-- testLogoutOrangeHrm -->
</testsuite> <!-- Chrome(failed) -->
