<?xml version="1.0" encoding="UTF-8"?>
<!-- Generated by org.testng.reporters.JUnitXMLReporter -->
<testsuite ignored="0" hostname="DESKTOP-LLLGMOJ" failures="0" tests="14" name="PetTests" time="29.694" errors="0" timestamp="2024-07-16T07:35:18 IST">
  <testcase classname="api.testcase.UserTests" name="testPostUser" time="7.633"/>
  <testcase classname="api.testcase.UserTests" name="testGetUser" time="1.231"/>
  <testcase classname="api.testcase.UserTests" name="testUpdateUser" time="2.233"/>
  <testcase classname="api.testcase.UserTests" name="testDeleteUser" time="1.128"/>
  <testcase classname="api.testcase.UserTests2" name="testPostUser" time="1.102"/>
  <testcase classname="api.testcase.UserTests2" name="testGetUserByName" time="1.153"/>
  <testcase classname="api.testcase.UserTests2" name="testUpdateUserByName" time="2.224"/>
  <testcase classname="api.testcase.UserTests2" name="testDeleteUserByName" time="1.051"/>
  <testcase classname="api.testcase.UserTestWithExcel" name="testPostUser" time="1.016"/>
  <testcase classname="api.testcase.UserTestWithExcel" name="testPostUser" time="1.087"/>
  <testcase classname="api.testcase.UserTestWithExcel" name="testPostUser" time="1.114"/>
  <testcase classname="api.testcase.UserTestWithExcel" name="testDeleteUser" time="1.051"/>
  <testcase classname="api.testcase.UserTestWithExcel" name="testDeleteUser" time="1.209"/>
  <testcase classname="api.testcase.UserTestWithExcel" name="testDeleteUser" time="1.04"/>
</testsuite> <!-- PetTests -->
