<?xml version="1.0" encoding="UTF-8"?>
<testng-results ignored="0" total="2" passed="2" failed="0" skipped="0">
  <reporter-output>
  </reporter-output>
  <suite started-at="2024-06-11T08:46:46 IST" name="Default suite" finished-at="2024-06-11T08:47:40 IST" duration-ms="54694">
    <groups>
    </groups>
    <test started-at="2024-06-11T08:46:46 IST" name="Default test" finished-at="2024-06-11T08:47:40 IST" duration-ms="54694">
      <class name="day12.testscripts.TestOrangeHrmPim">
        <test-method is-config="true" signature="precondition()[pri:0, instance:day12.testscripts.TestOrangeHrmPim@130c12b7]" started-at="2024-06-11T08:46:46 IST" name="precondition" finished-at="2024-06-11T08:47:00 IST" duration-ms="14006" status="PASS">
          <reporter-output>
          </reporter-output>
        </test-method> <!-- precondition -->
        <test-method signature="testPimCreation()[pri:0, instance:day12.testscripts.TestOrangeHrmPim@130c12b7]" started-at="2024-06-11T08:47:00 IST" name="testPimCreation" finished-at="2024-06-11T08:47:15 IST" duration-ms="15519" status="PASS">
          <reporter-output>
          </reporter-output>
        </test-method> <!-- testPimCreation -->
        <test-method is-config="true" signature="postcondition()[pri:0, instance:day12.testscripts.TestOrangeHrmPim@130c12b7]" started-at="2024-06-11T08:47:15 IST" name="postcondition" finished-at="2024-06-11T08:47:17 IST" duration-ms="1735" status="PASS">
          <reporter-output>
          </reporter-output>
        </test-method> <!-- postcondition -->
        <test-method is-config="true" signature="precondition()[pri:0, instance:day12.testscripts.TestOrangeHrmPim@130c12b7]" started-at="2024-06-11T08:47:17 IST" name="precondition" finished-at="2024-06-11T08:47:27 IST" duration-ms="9790" status="PASS">
          <reporter-output>
          </reporter-output>
        </test-method> <!-- precondition -->
        <test-method signature="testPimDeletion()[pri:0, instance:day12.testscripts.TestOrangeHrmPim@130c12b7]" started-at="2024-06-11T08:47:27 IST" name="testPimDeletion" finished-at="2024-06-11T08:47:39 IST" depends-on-methods="day12.testscripts.TestOrangeHrmPim.testPimCreation" duration-ms="12120" status="PASS">
          <reporter-output>
          </reporter-output>
        </test-method> <!-- testPimDeletion -->
        <test-method is-config="true" signature="postcondition()[pri:0, instance:day12.testscripts.TestOrangeHrmPim@130c12b7]" started-at="2024-06-11T08:47:39 IST" name="postcondition" finished-at="2024-06-11T08:47:40 IST" duration-ms="1370" status="PASS">
          <reporter-output>
          </reporter-output>
        </test-method> <!-- postcondition -->
      </class> <!-- day12.testscripts.TestOrangeHrmPim -->
    </test> <!-- Default test -->
  </suite> <!-- Default suite -->
</testng-results>
