<?xml version="1.0" encoding="UTF-8"?>
<!-- Generated by org.testng.reporters.JUnitXMLReporter -->
<testsuite ignored="0" hostname="DESKTOP-LLLGMOJ" failures="0" tests="4" name="Testing Parameterization" time="11.46" errors="0" timestamp="2024-06-06T08:15:52 IST">
  <testcase classname="day9.advancetestng.Parameterization" name="testCaseOne" time="0.024"/>
  <testcase classname="day9.advancetestng.Parameterization" name="testCaseThree" time="0.003"/>
  <testcase classname="day9.advancetestng.Parameterization" name="testCaseTwo" time="0.003"/>
  <testcase classname="day9.advancetestng.Parameterization" name="testLoginOfVtiger" time="11.223"/>
</testsuite> <!-- Testing Parameterization -->
