<?xml version="1.0" encoding="UTF-8"?>
<!-- Generated by org.testng.reporters.JUnitXMLReporter -->
<testsuite ignored="2" hostname="DESKTOP-LLLGMOJ" failures="0" tests="1" name="Test" time="0.134" errors="0" timestamp="2024-06-06T08:12:25 IST">
  <testcase classname="day9.advancetestng.IncludeAndExcludeTestMethods" name="addDepartmentTestCase" time="0.016"/>
  <testcase classname="day9.advancetestng.IncludeAndExcludeTestMethods" name="addEmployeeTestCase" time="0.0">
    <ignored/>
  </testcase> <!-- addEmployeeTestCase -->
  <testcase classname="day9.advancetestng.IncludeAndExcludeTestMethods" name="addLocationTestCase" time="0.0">
    <ignored/>
  </testcase> <!-- addLocationTestCase -->
</testsuite> <!-- Test -->
