<?xml version="1.0" encoding="UTF-8"?>
<!-- Generated by org.testng.reporters.JUnitXMLReporter -->
<testsuite ignored="0" hostname="DESKTOP-LLLGMOJ" failures="1" tests="5" name="Chrome" time="9.428" errors="0" timestamp="2024-06-06T08:37:00 IST">
  <testcase classname="day9.advancetestng.ParallelExecutionTest" name="testLoginOfVtiger" time="9.368"/>
  <testcase classname="day8.testngexamples.Example4" name="testLoginOrangeHrm" time="0.006"/>
  <testcase classname="day8.testngexamples.Example4" name="testPIMCreationOrangeHrm" time="0.005">
    <failure type="java.lang.ArithmeticException" message="/ by zero">
      <![CDATA[java.lang.ArithmeticException: / by zero
at day8.testngexamples.Example4.testPIMCreationOrangeHrm(Example4.java:13)
at java.base/java.util.ArrayList.forEach(ArrayList.java:1511)
... Removed 27 stack frames]]>
    </failure>
  </testcase> <!-- testPIMCreationOrangeHrm -->
  <testcase classname="day8.testngexamples.Example4" name="testPIMDeleteOrangeHrm" time="0.001">
    <skipped/>
  </testcase> <!-- testPIMDeleteOrangeHrm -->
  <testcase classname="day8.testngexamples.Example4" name="testLogoutOrangeHrm" time="0.004"/>
</testsuite> <!-- Chrome -->
