<?xml version="1.0" encoding="UTF-8"?>
<!-- Generated by org.testng.reporters.JUnitXMLReporter -->
<testsuite ignored="0" hostname="DESKTOP-LLLGMOJ" failures="0" tests="3" name="Firefox" time="25.603" errors="0" timestamp="2024-06-06T08:36:51 IST">
  <testcase classname="day9.advancetestng.ParallelExecutionTest" name="testLoginOfVtiger" time="10.305"/>
  <testcase classname="day8.testngexamples.OrangeHrmTest" name="testLoginWithAssert2" time="7.474"/>
  <testcase classname="day8.testngexamples.OrangeHrmTest" name="testLoginWithAssert3" time="7.737"/>
</testsuite> <!-- Firefox -->
