<?xml version="1.0" encoding="UTF-8"?>
<!-- Generated by org.testng.reporters.JUnitXMLReporter -->
<testsuite ignored="5" hostname="DESKTOP-LLLGMOJ" failures="0" tests="1" name="Default test" time="5.534" errors="0" timestamp="2024-07-13T07:57:10 IST">
  <testcase classname="day3.restassuedexamples.ApiOperations" name="deleteOps" time="5.437"/>
  <testcase classname="day3.restassuedexamples.ApiOperations" name="createUser" time="0.0">
    <ignored/>
  </testcase> <!-- createUser -->
  <testcase classname="day3.restassuedexamples.ApiOperations" name="getUserList" time="0.0">
    <ignored/>
  </testcase> <!-- getUserList -->
  <testcase classname="day3.restassuedexamples.ApiOperations" name="createUser2" time="0.0">
    <ignored/>
  </testcase> <!-- createUser2 -->
  <testcase classname="day3.restassuedexamples.ApiOperations" name="testCaseForPost3" time="0.0">
    <ignored/>
  </testcase> <!-- testCaseForPost3 -->
  <testcase classname="day3.restassuedexamples.ApiOperations" name="updateUser" time="0.0">
    <ignored/>
  </testcase> <!-- updateUser -->
</testsuite> <!-- Default test -->
