<?xml version="1.0" encoding="UTF-8"?>
<!-- Generated by org.testng.reporters.JUnitXMLReporter -->
<testsuite ignored="2" hostname="DESKTOP-LLLGMOJ" failures="0" tests="1" name="Default test" time="0.124" errors="0" timestamp="2024-07-12T07:39:18 IST">
  <testcase classname="day1.jsonObjectAndArray.Example1" name="stringIntoJSONObject" time="0.031"/>
  <testcase classname="day1.jsonObjectAndArray.Example1" name="workingMapIntoJSON" time="0.0">
    <ignored/>
  </testcase> <!-- workingMapIntoJSON -->
  <testcase classname="day1.jsonObjectAndArray.Example1" name="workingWithJSONObject" time="0.0">
    <ignored/>
  </testcase> <!-- workingWithJSONObject -->
</testsuite> <!-- Default test -->
