<?xml version="1.0" encoding="UTF-8"?>
<!-- Generated by org.testng.reporters.JUnitXMLReporter -->
<testsuite ignored="3" hostname="DESKTOP-LLLGMOJ" failures="0" tests="1" name="Default test" time="11.144" errors="0" timestamp="2024-07-16T07:31:18 IST">
  <testcase classname="api.testcase.UserTests" name="testPostUser" time="10.158"/>
  <testcase classname="api.testcase.UserTests" name="testUpdateUser" time="0.0">
    <ignored/>
  </testcase> <!-- testUpdateUser -->
  <testcase classname="api.testcase.UserTests" name="testGetUser" time="0.0">
    <ignored/>
  </testcase> <!-- testGetUser -->
  <testcase classname="api.testcase.UserTests" name="testDeleteUser" time="0.0">
    <ignored/>
  </testcase> <!-- testDeleteUser -->
</testsuite> <!-- Default test -->
