<?xml version="1.0" encoding="UTF-8"?>
<!-- Generated by org.testng.reporters.JUnitXMLReporter -->
<testsuite ignored="0" hostname="DESKTOP-LLLGMOJ" failures="0" tests="4" name="Default test" time="12.404" errors="0" timestamp="2024-07-15T07:49:19 IST">
  <testcase classname="api.testcase.UserTests" name="testPostUser" time="6.871"/>
  <testcase classname="api.testcase.UserTests" name="testGetUser" time="1.201"/>
  <testcase classname="api.testcase.UserTests" name="testUpdateUser" time="2.187"/>
  <testcase classname="api.testcase.UserTests" name="testDeleteUser" time="1.073"/>
</testsuite> <!-- Default test -->
